<?xml version="1.0" encoding="UTF-8"?>
<!-- Generated by org.testng.reporters.JUnitXMLReporter -->
<testsuite ignored="0" hostname="h-MacBook-Air-sl-lwy.local" failures="0" tests="15" name="Test" time="40.377" errors="0" timestamp="2022-06-01T21:09:06 IDT">
  <testcase classname="tests.BaseTest" name="@BeforeClass setup" time="21.465">
    <failure type="org.openqa.selenium.InvalidArgumentException" message="invalid argument
  (Session info: chrome=102.0.5005.61)
Build info: version: &amp;apos;4.1.4&amp;apos;, revision: &amp;apos;535d840ee2&amp;apos;
System info: host: &amp;apos;h-MacBook-Air-sl-lwy.local&amp;apos;, ip: &amp;apos;fe80:0:0:0:1c04:b268:4868:cbfc%en0&amp;apos;, os.name: &amp;apos;Mac OS X&amp;apos;, os.arch: &amp;apos;x86_64&amp;apos;, os.version: &amp;apos;12.4&amp;apos;, java.version: &amp;apos;18.0.1.1&amp;apos;
Driver info: org.openqa.selenium.chrome.ChromeDriver
Command: [3ace02a0aae46f85543f0bd042a43286, get {url=}]
Capabilities {acceptInsecureCerts: false, browserName: chrome, browserVersion: 102.0.5005.61, chrome: {chromedriverVersion: 101.0.4951.41 (93c720db8323..., userDataDir: /var/folders/60/pqfmmpzx6pn...}, goog:chromeOptions: {debuggerAddress: localhost:52062}, javascriptEnabled: true, networkConnectionEnabled: false, pageLoadStrategy: normal, platform: MAC, platformName: MAC, proxy: Proxy(), se:cdp: ws://localhost:52062/devtoo..., se:cdpVersion: 102.0.5005.61, setWindowRect: true, strictFileInteractability: false, timeouts: {implicit: 0, pageLoad: 300000, script: 30000}, unhandledPromptBehavior: dismiss and notify, webauthn:extension:credBlob: true, webauthn:extension:largeBlob: true, webauthn:virtualAuthenticators: true}
Session ID: 3ace02a0aae46f85543f0bd042a43286">
      <![CDATA[org.openqa.selenium.InvalidArgumentException: invalid argument
  (Session info: chrome=102.0.5005.61)
Build info: version: '4.1.4', revision: '535d840ee2'
System info: host: 'h-MacBook-Air-sl-lwy.local', ip: 'fe80:0:0:0:1c04:b268:4868:cbfc%en0', os.name: 'Mac OS X', os.arch: 'x86_64', os.version: '12.4', java.version: '18.0.1.1'
Driver info: org.openqa.selenium.chrome.ChromeDriver
Command: [3ace02a0aae46f85543f0bd042a43286, get {url=}]
Capabilities {acceptInsecureCerts: false, browserName: chrome, browserVersion: 102.0.5005.61, chrome: {chromedriverVersion: 101.0.4951.41 (93c720db8323..., userDataDir: /var/folders/60/pqfmmpzx6pn...}, goog:chromeOptions: {debuggerAddress: localhost:52062}, javascriptEnabled: true, networkConnectionEnabled: false, pageLoadStrategy: normal, platform: MAC, platformName: MAC, proxy: Proxy(), se:cdp: ws://localhost:52062/devtoo..., se:cdpVersion: 102.0.5005.61, setWindowRect: true, strictFileInteractability: false, timeouts: {implicit: 0, pageLoad: 300000, script: 30000}, unhandledPromptBehavior: dismiss and notify, webauthn:extension:credBlob: true, webauthn:extension:largeBlob: true, webauthn:virtualAuthenticators: true}
Session ID: 3ace02a0aae46f85543f0bd042a43286
at org.openqa.selenium.remote.codec.w3c.W3CHttpResponseCodec.createException(W3CHttpResponseCodec.java:200)
at org.openqa.selenium.remote.codec.w3c.W3CHttpResponseCodec.decode(W3CHttpResponseCodec.java:133)
at org.openqa.selenium.remote.codec.w3c.W3CHttpResponseCodec.decode(W3CHttpResponseCodec.java:53)
at org.openqa.selenium.remote.HttpCommandExecutor.execute(HttpCommandExecutor.java:184)
at org.openqa.selenium.remote.service.DriverCommandExecutor.invokeExecute(DriverCommandExecutor.java:167)
at org.openqa.selenium.remote.service.DriverCommandExecutor.execute(DriverCommandExecutor.java:142)
at org.openqa.selenium.remote.RemoteWebDriver.execute(RemoteWebDriver.java:567)
at org.openqa.selenium.remote.RemoteWebDriver.get(RemoteWebDriver.java:330)
at tests.BaseTest.setup(BaseTest.java:27)
at java.base/java.util.ArrayList.forEach(ArrayList.java:1511)
... Removed 30 stack frames]]>
    </failure>
  </testcase> <!-- @BeforeClass setup -->
  <testcase classname="tests.BaseTest" name="@AfterMethod failedTest" time="0.0">
    <skipped/>
  </testcase> <!-- @AfterMethod failedTest -->
  <testcase classname="tests.BaseTest" name="@AfterMethod failedTest" time="0.0">
    <skipped/>
  </testcase> <!-- @AfterMethod failedTest -->
  <testcase classname="tests.BaseTest" name="@BeforeClass setup" time="2.652">
    <failure type="org.openqa.selenium.InvalidArgumentException" message="invalid argument
  (Session info: chrome=102.0.5005.61)
Build info: version: &amp;apos;4.1.4&amp;apos;, revision: &amp;apos;535d840ee2&amp;apos;
System info: host: &amp;apos;h-MacBook-Air-sl-lwy.local&amp;apos;, ip: &amp;apos;fe80:0:0:0:1c04:b268:4868:cbfc%en0&amp;apos;, os.name: &amp;apos;Mac OS X&amp;apos;, os.arch: &amp;apos;x86_64&amp;apos;, os.version: &amp;apos;12.4&amp;apos;, java.version: &amp;apos;18.0.1.1&amp;apos;
Driver info: org.openqa.selenium.chrome.ChromeDriver
Command: [acb780d75716274b77f58118c586d423, get {url=}]
Capabilities {acceptInsecureCerts: false, browserName: chrome, browserVersion: 102.0.5005.61, chrome: {chromedriverVersion: 101.0.4951.41 (93c720db8323..., userDataDir: /var/folders/60/pqfmmpzx6pn...}, goog:chromeOptions: {debuggerAddress: localhost:52077}, javascriptEnabled: true, networkConnectionEnabled: false, pageLoadStrategy: normal, platform: MAC, platformName: MAC, proxy: Proxy(), se:cdp: ws://localhost:52077/devtoo..., se:cdpVersion: 102.0.5005.61, setWindowRect: true, strictFileInteractability: false, timeouts: {implicit: 0, pageLoad: 300000, script: 30000}, unhandledPromptBehavior: dismiss and notify, webauthn:extension:credBlob: true, webauthn:extension:largeBlob: true, webauthn:virtualAuthenticators: true}
Session ID: acb780d75716274b77f58118c586d423">
      <![CDATA[org.openqa.selenium.InvalidArgumentException: invalid argument
  (Session info: chrome=102.0.5005.61)
Build info: version: '4.1.4', revision: '535d840ee2'
System info: host: 'h-MacBook-Air-sl-lwy.local', ip: 'fe80:0:0:0:1c04:b268:4868:cbfc%en0', os.name: 'Mac OS X', os.arch: 'x86_64', os.version: '12.4', java.version: '18.0.1.1'
Driver info: org.openqa.selenium.chrome.ChromeDriver
Command: [acb780d75716274b77f58118c586d423, get {url=}]
Capabilities {acceptInsecureCerts: false, browserName: chrome, browserVersion: 102.0.5005.61, chrome: {chromedriverVersion: 101.0.4951.41 (93c720db8323..., userDataDir: /var/folders/60/pqfmmpzx6pn...}, goog:chromeOptions: {debuggerAddress: localhost:52077}, javascriptEnabled: true, networkConnectionEnabled: false, pageLoadStrategy: normal, platform: MAC, platformName: MAC, proxy: Proxy(), se:cdp: ws://localhost:52077/devtoo..., se:cdpVersion: 102.0.5005.61, setWindowRect: true, strictFileInteractability: false, timeouts: {implicit: 0, pageLoad: 300000, script: 30000}, unhandledPromptBehavior: dismiss and notify, webauthn:extension:credBlob: true, webauthn:extension:largeBlob: true, webauthn:virtualAuthenticators: true}
Session ID: acb780d75716274b77f58118c586d423
at org.openqa.selenium.remote.codec.w3c.W3CHttpResponseCodec.createException(W3CHttpResponseCodec.java:200)
at org.openqa.selenium.remote.codec.w3c.W3CHttpResponseCodec.decode(W3CHttpResponseCodec.java:133)
at org.openqa.selenium.remote.codec.w3c.W3CHttpResponseCodec.decode(W3CHttpResponseCodec.java:53)
at org.openqa.selenium.remote.HttpCommandExecutor.execute(HttpCommandExecutor.java:184)
at org.openqa.selenium.remote.service.DriverCommandExecutor.invokeExecute(DriverCommandExecutor.java:167)
at org.openqa.selenium.remote.service.DriverCommandExecutor.execute(DriverCommandExecutor.java:142)
at org.openqa.selenium.remote.RemoteWebDriver.execute(RemoteWebDriver.java:567)
at org.openqa.selenium.remote.RemoteWebDriver.get(RemoteWebDriver.java:330)
at tests.BaseTest.setup(BaseTest.java:27)
at java.base/java.util.ArrayList.forEach(ArrayList.java:1511)
... Removed 30 stack frames]]>
    </failure>
  </testcase> <!-- @BeforeClass setup -->
  <testcase classname="tests.BaseTest" name="@AfterMethod failedTest" time="0.0">
    <skipped/>
  </testcase> <!-- @AfterMethod failedTest -->
  <testcase classname="tests.BaseTest" name="@AfterMethod failedTest" time="0.0">
    <skipped/>
  </testcase> <!-- @AfterMethod failedTest -->
  <testcase classname="tests.BaseTest" name="@BeforeClass setup" time="2.913">
    <failure type="org.openqa.selenium.InvalidArgumentException" message="invalid argument
  (Session info: chrome=102.0.5005.61)
Build info: version: &amp;apos;4.1.4&amp;apos;, revision: &amp;apos;535d840ee2&amp;apos;
System info: host: &amp;apos;h-MacBook-Air-sl-lwy.local&amp;apos;, ip: &amp;apos;fe80:0:0:0:1c04:b268:4868:cbfc%en0&amp;apos;, os.name: &amp;apos;Mac OS X&amp;apos;, os.arch: &amp;apos;x86_64&amp;apos;, os.version: &amp;apos;12.4&amp;apos;, java.version: &amp;apos;18.0.1.1&amp;apos;
Driver info: org.openqa.selenium.chrome.ChromeDriver
Command: [400a2c2760881c23f3d4c9c701df1d63, get {url=}]
Capabilities {acceptInsecureCerts: false, browserName: chrome, browserVersion: 102.0.5005.61, chrome: {chromedriverVersion: 101.0.4951.41 (93c720db8323..., userDataDir: /var/folders/60/pqfmmpzx6pn...}, goog:chromeOptions: {debuggerAddress: localhost:52090}, javascriptEnabled: true, networkConnectionEnabled: false, pageLoadStrategy: normal, platform: MAC, platformName: MAC, proxy: Proxy(), se:cdp: ws://localhost:52090/devtoo..., se:cdpVersion: 102.0.5005.61, setWindowRect: true, strictFileInteractability: false, timeouts: {implicit: 0, pageLoad: 300000, script: 30000}, unhandledPromptBehavior: dismiss and notify, webauthn:extension:credBlob: true, webauthn:extension:largeBlob: true, webauthn:virtualAuthenticators: true}
Session ID: 400a2c2760881c23f3d4c9c701df1d63">
      <![CDATA[org.openqa.selenium.InvalidArgumentException: invalid argument
  (Session info: chrome=102.0.5005.61)
Build info: version: '4.1.4', revision: '535d840ee2'
System info: host: 'h-MacBook-Air-sl-lwy.local', ip: 'fe80:0:0:0:1c04:b268:4868:cbfc%en0', os.name: 'Mac OS X', os.arch: 'x86_64', os.version: '12.4', java.version: '18.0.1.1'
Driver info: org.openqa.selenium.chrome.ChromeDriver
Command: [400a2c2760881c23f3d4c9c701df1d63, get {url=}]
Capabilities {acceptInsecureCerts: false, browserName: chrome, browserVersion: 102.0.5005.61, chrome: {chromedriverVersion: 101.0.4951.41 (93c720db8323..., userDataDir: /var/folders/60/pqfmmpzx6pn...}, goog:chromeOptions: {debuggerAddress: localhost:52090}, javascriptEnabled: true, networkConnectionEnabled: false, pageLoadStrategy: normal, platform: MAC, platformName: MAC, proxy: Proxy(), se:cdp: ws://localhost:52090/devtoo..., se:cdpVersion: 102.0.5005.61, setWindowRect: true, strictFileInteractability: false, timeouts: {implicit: 0, pageLoad: 300000, script: 30000}, unhandledPromptBehavior: dismiss and notify, webauthn:extension:credBlob: true, webauthn:extension:largeBlob: true, webauthn:virtualAuthenticators: true}
Session ID: 400a2c2760881c23f3d4c9c701df1d63
at org.openqa.selenium.remote.codec.w3c.W3CHttpResponseCodec.createException(W3CHttpResponseCodec.java:200)
at org.openqa.selenium.remote.codec.w3c.W3CHttpResponseCodec.decode(W3CHttpResponseCodec.java:133)
at org.openqa.selenium.remote.codec.w3c.W3CHttpResponseCodec.decode(W3CHttpResponseCodec.java:53)
at org.openqa.selenium.remote.HttpCommandExecutor.execute(HttpCommandExecutor.java:184)
at org.openqa.selenium.remote.service.DriverCommandExecutor.invokeExecute(DriverCommandExecutor.java:167)
at org.openqa.selenium.remote.service.DriverCommandExecutor.execute(DriverCommandExecutor.java:142)
at org.openqa.selenium.remote.RemoteWebDriver.execute(RemoteWebDriver.java:567)
at org.openqa.selenium.remote.RemoteWebDriver.get(RemoteWebDriver.java:330)
at tests.BaseTest.setup(BaseTest.java:27)
at java.base/java.util.ArrayList.forEach(ArrayList.java:1511)
... Removed 30 stack frames]]>
    </failure>
  </testcase> <!-- @BeforeClass setup -->
  <testcase classname="tests.BaseTest" name="@AfterMethod failedTest" time="0.0">
    <skipped/>
  </testcase> <!-- @AfterMethod failedTest -->
  <testcase classname="tests.BaseTest" name="@AfterMethod failedTest" time="0.0">
    <skipped/>
  </testcase> <!-- @AfterMethod failedTest -->
  <testcase classname="tests.BaseTest" name="@AfterMethod failedTest" time="0.0">
    <skipped/>
  </testcase> <!-- @AfterMethod failedTest -->
  <testcase classname="tests.BaseTest" name="@AfterMethod failedTest" time="0.0">
    <skipped/>
  </testcase> <!-- @AfterMethod failedTest -->
  <testcase classname="tests.BaseTest" name="@AfterMethod failedTest" time="0.0">
    <skipped/>
  </testcase> <!-- @AfterMethod failedTest -->
  <testcase classname="tests.BaseTest" name="@AfterMethod failedTest" time="0.0">
    <skipped/>
  </testcase> <!-- @AfterMethod failedTest -->
  <testcase classname="tests.BaseTest" name="@BeforeClass setup" time="2.414">
    <failure type="org.openqa.selenium.InvalidArgumentException" message="invalid argument
  (Session info: chrome=102.0.5005.61)
Build info: version: &amp;apos;4.1.4&amp;apos;, revision: &amp;apos;535d840ee2&amp;apos;
System info: host: &amp;apos;h-MacBook-Air-sl-lwy.local&amp;apos;, ip: &amp;apos;fe80:0:0:0:1c04:b268:4868:cbfc%en0&amp;apos;, os.name: &amp;apos;Mac OS X&amp;apos;, os.arch: &amp;apos;x86_64&amp;apos;, os.version: &amp;apos;12.4&amp;apos;, java.version: &amp;apos;18.0.1.1&amp;apos;
Driver info: org.openqa.selenium.chrome.ChromeDriver
Command: [8f2bf0a519b16b3c3400095a014a828b, get {url=}]
Capabilities {acceptInsecureCerts: false, browserName: chrome, browserVersion: 102.0.5005.61, chrome: {chromedriverVersion: 101.0.4951.41 (93c720db8323..., userDataDir: /var/folders/60/pqfmmpzx6pn...}, goog:chromeOptions: {debuggerAddress: localhost:52106}, javascriptEnabled: true, networkConnectionEnabled: false, pageLoadStrategy: normal, platform: MAC, platformName: MAC, proxy: Proxy(), se:cdp: ws://localhost:52106/devtoo..., se:cdpVersion: 102.0.5005.61, setWindowRect: true, strictFileInteractability: false, timeouts: {implicit: 0, pageLoad: 300000, script: 30000}, unhandledPromptBehavior: dismiss and notify, webauthn:extension:credBlob: true, webauthn:extension:largeBlob: true, webauthn:virtualAuthenticators: true}
Session ID: 8f2bf0a519b16b3c3400095a014a828b">
      <![CDATA[org.openqa.selenium.InvalidArgumentException: invalid argument
  (Session info: chrome=102.0.5005.61)
Build info: version: '4.1.4', revision: '535d840ee2'
System info: host: 'h-MacBook-Air-sl-lwy.local', ip: 'fe80:0:0:0:1c04:b268:4868:cbfc%en0', os.name: 'Mac OS X', os.arch: 'x86_64', os.version: '12.4', java.version: '18.0.1.1'
Driver info: org.openqa.selenium.chrome.ChromeDriver
Command: [8f2bf0a519b16b3c3400095a014a828b, get {url=}]
Capabilities {acceptInsecureCerts: false, browserName: chrome, browserVersion: 102.0.5005.61, chrome: {chromedriverVersion: 101.0.4951.41 (93c720db8323..., userDataDir: /var/folders/60/pqfmmpzx6pn...}, goog:chromeOptions: {debuggerAddress: localhost:52106}, javascriptEnabled: true, networkConnectionEnabled: false, pageLoadStrategy: normal, platform: MAC, platformName: MAC, proxy: Proxy(), se:cdp: ws://localhost:52106/devtoo..., se:cdpVersion: 102.0.5005.61, setWindowRect: true, strictFileInteractability: false, timeouts: {implicit: 0, pageLoad: 300000, script: 30000}, unhandledPromptBehavior: dismiss and notify, webauthn:extension:credBlob: true, webauthn:extension:largeBlob: true, webauthn:virtualAuthenticators: true}
Session ID: 8f2bf0a519b16b3c3400095a014a828b
at org.openqa.selenium.remote.codec.w3c.W3CHttpResponseCodec.createException(W3CHttpResponseCodec.java:200)
at org.openqa.selenium.remote.codec.w3c.W3CHttpResponseCodec.decode(W3CHttpResponseCodec.java:133)
at org.openqa.selenium.remote.codec.w3c.W3CHttpResponseCodec.decode(W3CHttpResponseCodec.java:53)
at org.openqa.selenium.remote.HttpCommandExecutor.execute(HttpCommandExecutor.java:184)
at org.openqa.selenium.remote.service.DriverCommandExecutor.invokeExecute(DriverCommandExecutor.java:167)
at org.openqa.selenium.remote.service.DriverCommandExecutor.execute(DriverCommandExecutor.java:142)
at org.openqa.selenium.remote.RemoteWebDriver.execute(RemoteWebDriver.java:567)
at org.openqa.selenium.remote.RemoteWebDriver.get(RemoteWebDriver.java:330)
at tests.BaseTest.setup(BaseTest.java:27)
at java.base/java.util.ArrayList.forEach(ArrayList.java:1511)
... Removed 30 stack frames]]>
    </failure>
  </testcase> <!-- @BeforeClass setup -->
  <testcase classname="tests.BaseTest" name="@AfterMethod failedTest" time="0.0">
    <skipped/>
  </testcase> <!-- @AfterMethod failedTest -->
  <testcase classname="tests.BaseTest" name="@AfterMethod failedTest" time="0.0">
    <skipped/>
  </testcase> <!-- @AfterMethod failedTest -->
  <testcase classname="tests.BaseTest" name="@AfterMethod failedTest" time="0.0">
    <skipped/>
  </testcase> <!-- @AfterMethod failedTest -->
  <testcase classname="tests.BaseTest" name="@AfterMethod failedTest" time="0.0">
    <skipped/>
  </testcase> <!-- @AfterMethod failedTest -->
  <testcase classname="tests.BaseTest" name="@AfterMethod failedTest" time="0.0">
    <skipped/>
  </testcase> <!-- @AfterMethod failedTest -->
  <testcase classname="tests.NewProjectTestNG" name="tc01_login" time="0.0">
    <skipped/>
  </testcase> <!-- tc01_login -->
  <testcase classname="tests.NewProjectTestNG" name="tc04_rename" time="0.001">
    <skipped/>
  </testcase> <!-- tc04_rename -->
  <testcase classname="tests.ForgetPasswordTestNG" name="tc01_forgetPassword" time="0.0">
    <skipped/>
  </testcase> <!-- tc01_forgetPassword -->
  <testcase classname="tests.ForgetPasswordTestNG" name="tc02_forgetPassword2" time="0.0">
    <skipped/>
  </testcase> <!-- tc02_forgetPassword2 -->
  <testcase classname="tests.LoginTestNG" name="tc01_loginFailedData" time="0.0">
    <skipped/>
  </testcase> <!-- tc01_loginFailedData -->
  <testcase classname="tests.LoginTestNG" name="tc01_loginFailedData" time="0.0">
    <skipped/>
  </testcase> <!-- tc01_loginFailedData -->
  <testcase classname="tests.LoginTestNG" name="tc01_loginFailedData" time="0.0">
    <skipped/>
  </testcase> <!-- tc01_loginFailedData -->
  <testcase classname="tests.LoginTestNG" name="tc01_loginFailedData" time="0.0">
    <skipped/>
  </testcase> <!-- tc01_loginFailedData -->
  <testcase classname="tests.LoginTestNG" name="tc02_loginSecceed" time="0.0">
    <skipped/>
  </testcase> <!-- tc02_loginSecceed -->
  <testcase classname="tests.LoginTestNG" name="tc03_loginFailed" time="0.0">
    <skipped/>
  </testcase> <!-- tc03_loginFailed -->
  <testcase classname="tests.CreatesTestNG" name="tc01_login" time="0.0">
    <skipped/>
  </testcase> <!-- tc01_login -->
  <testcase classname="tests.CreatesTestNG" name="tc02_createProject" time="0.0">
    <skipped/>
  </testcase> <!-- tc02_createProject -->
  <testcase classname="tests.CreatesTestNG" name="tc03_createProject2" time="0.001">
    <skipped/>
  </testcase> <!-- tc03_createProject2 -->
  <testcase classname="tests.CreatesTestNG" name="tc04_newCouponsList" time="0.001">
    <skipped/>
  </testcase> <!-- tc04_newCouponsList -->
  <testcase classname="tests.CreatesTestNG" name="tc05_newCouponsList2" time="0.003">
    <skipped/>
  </testcase> <!-- tc05_newCouponsList2 -->
</testsuite> <!-- Test -->
